task: clean  耗时：193ms
task: createDebugVariantModel  耗时：4ms
task: preBuild  耗时：0ms
task: preDebugBuild  耗时：0ms
task: mergeDebugNativeDebugMetadata  耗时：0ms
task: compileDebugAidl  耗时：0ms
task: compileDebugRenderscript  耗时：0ms
task: generateDebugBuildConfig  耗时：4ms
task: generateDebugResValues  耗时：2ms
task: mapDebugSourceSetPaths  耗时：4ms
task: generateDebugResources  耗时：0ms
task: checkDebugAarMetadata  耗时：1275ms
task: packageDebugResources  耗时：28ms
task: createDebugCompatibleScreenManifests  耗时：3ms
task: extractDeepLinksDebug  耗时：3ms
task: processDebugMainManifest  耗时：87ms
task: processDebugManifest  耗时：12ms
task: parseDebugLocalResources  耗时：7ms
task: mergeDebugShaders  耗时：15ms
task: compileDebugShaders  耗时：0ms
task: javaPreCompileDebug  耗时：2ms
task: generateDebugAssets  耗时：0ms
task: mergeDebugAssets  耗时：118ms
task: compressDebugAssets  耗时：2ms
task: processDebugJavaRes  耗时：1ms
task: desugarDebugFileDependencies  耗时：8ms
task: mergeDebugJniLibFolders  耗时：6ms
task: mergeDebugNativeLibs  耗时：6ms
task: stripDebugDebugSymbols  耗时：0ms
task: validateSigningDebug  耗时：3ms
task: writeDebugAppMetadata  耗时：36ms
task: writeDebugSigningConfigVersions  耗时：2ms
task: processDebugManifestForPackage  耗时：4ms
task: checkDebugDuplicateClasses  耗时：127ms
task: mergeDebugResources  耗时：397ms
task: processDebugResources  耗时：1872ms
task: compileDebugKotlin  耗时：793ms
task: compileDebugJavaWithJavac  耗时：329ms
task: dexBuilderDebug  耗时：532ms
task: mergeDebugJavaResource  耗时：2293ms
整个编译过程完成，总共耗时: 7896
总共执行了 40 个任务