task: clean  耗时：227ms
task: createDebugVariantModel  耗时：4ms
task: preBuild  耗时：0ms
task: preDebugBuild  耗时：0ms
task: mergeDebugNativeDebugMetadata  耗时：0ms
task: compileDebugAidl  耗时：0ms
task: compileDebugRenderscript  耗时：3ms
task: generateDebugBuildConfig  耗时：5ms
task: generateDebugResValues  耗时：4ms
task: mapDebugSourceSetPaths  耗时：9ms
task: generateDebugResources  耗时：0ms
task: checkDebugAarMetadata  耗时：1349ms
task: packageDebugResources  耗时：34ms
task: createDebugCompatibleScreenManifests  耗时：4ms
task: extractDeepLinksDebug  耗时：5ms
task: processDebugMainManifest  耗时：112ms
task: processDebugManifest  耗时：3ms
task: parseDebugLocalResources  耗时：3ms
task: javaPreCompileDebug  耗时：3ms
task: mergeDebugShaders  耗时：7ms
task: compileDebugShaders  耗时：1ms
task: generateDebugAssets  耗时：0ms
task: mergeDebugAssets  耗时：7ms
task: compressDebugAssets  耗时：3ms
task: processDebugJavaRes  耗时：1ms
task: processDebugManifestForPackage  耗时：20ms
task: desugarDebugFileDependencies  耗时：7ms
task: mergeDebugJniLibFolders  耗时：5ms
task: mergeDebugNativeLibs  耗时：7ms
task: stripDebugDebugSymbols  耗时：0ms
task: validateSigningDebug  耗时：3ms
task: writeDebugAppMetadata  耗时：2ms
task: writeDebugSigningConfigVersions  耗时：2ms
task: checkDebugDuplicateClasses  耗时：115ms
task: mergeDebugResources  耗时：360ms
task: processDebugResources  耗时：1308ms
task: compileDebugKotlin  耗时：1304ms
task: compileDebugJavaWithJavac  耗时：686ms
task: dexBuilderDebug  耗时：1075ms
task: mergeDebugJavaResource  耗时：5510ms
整个编译过程完成，总共耗时: 11377
总共执行了 40 个任务